15:51:27.660 [main] INFO  polyu_af.MyList1 - index:0
15:51:27.662 [main] INFO  polyu_af.MyList1 - storagePublic:null
15:51:27.662 [main] INFO  polyu_af.MyList1 - storagePrivate:null
15:51:27.662 [main] INFO  polyu_af.MyList1 - index:0
15:51:27.662 [main] INFO  polyu_af.MyList1 - storagePublic:null
15:51:27.662 [main] INFO  polyu_af.MyList1 - storagePrivate:null
15:51:27.662 [main] INFO  polyu_af.MyList1 - a_size:4
15:51:27.662 [main] INFO  polyu_af.MyList1 - ---------
15:51:27.662 [main] INFO  polyu_af.MyList1 - index:0
15:51:27.662 [main] INFO  polyu_af.MyList1 - storagePublic:null
15:51:27.662 [main] INFO  polyu_af.MyList1 - storagePrivate:null
15:51:27.662 [main] INFO  polyu_af.MyList1 - index:0
15:51:27.662 [main] INFO  polyu_af.MyList1 - storagePublic:null
15:51:27.662 [main] INFO  polyu_af.MyList1 - storagePrivate:null
15:51:27.663 [main] INFO  polyu_af.MyList1 - a_size:4
15:51:27.663 [main] INFO  polyu_af.MyList1 - ---------
15:51:27.663 [main] INFO  polyu_af.MyList1 - index:0
15:51:27.663 [main] INFO  polyu_af.MyList1 - storagePublic:null
15:51:27.663 [main] INFO  polyu_af.MyList1 - storagePrivate:null
15:51:27.663 [main] INFO  polyu_af.MyList1 - index:0
15:51:27.663 [main] INFO  polyu_af.MyList1 - storagePublic:null
15:51:27.663 [main] INFO  polyu_af.MyList1 - storagePrivate:null
15:51:27.663 [main] INFO  polyu_af.MyList1 - i:0
15:51:27.663 [main] INFO  polyu_af.MyList1 - g:
15:51:27.664 [main] INFO  polyu_af.MyList1 - a_size:4
15:51:27.664 [main] INFO  polyu_af.MyList1 - ---------
15:51:27.664 [main] INFO  polyu_af.MyList1 - index:0
15:51:27.664 [main] INFO  polyu_af.MyList1 - storagePublic:null
15:51:27.664 [main] INFO  polyu_af.MyList1 - storagePrivate:null
15:51:27.664 [main] INFO  polyu_af.MyList1 - index:0
15:51:27.664 [main] INFO  polyu_af.MyList1 - storagePublic:null
15:51:27.664 [main] INFO  polyu_af.MyList1 - storagePrivate:null
15:51:27.664 [main] INFO  polyu_af.MyList1 - i:1
15:51:27.664 [main] INFO  polyu_af.MyList1 - g:
15:51:27.664 [main] INFO  polyu_af.MyList1 - a_size:4
15:51:27.665 [main] INFO  polyu_af.MyList1 - ---------
15:51:27.665 [main] INFO  polyu_af.MyList1 - index:0
15:51:27.665 [main] INFO  polyu_af.MyList1 - storagePublic:null
15:51:27.665 [main] INFO  polyu_af.MyList1 - storagePrivate:null
15:51:27.665 [main] INFO  polyu_af.MyList1 - index:0
15:51:27.665 [main] INFO  polyu_af.MyList1 - storagePublic:null
15:51:27.665 [main] INFO  polyu_af.MyList1 - storagePrivate:null
15:51:27.665 [main] INFO  polyu_af.MyList1 - i:2
15:51:27.665 [main] INFO  polyu_af.MyList1 - g:
15:51:27.665 [main] INFO  polyu_af.MyList1 - a_size:4
15:51:27.665 [main] INFO  polyu_af.MyList1 - ---------
15:51:27.665 [main] INFO  polyu_af.MyList1 - index:0
15:51:27.665 [main] INFO  polyu_af.MyList1 - storagePublic:null
15:51:27.665 [main] INFO  polyu_af.MyList1 - storagePrivate:null
15:51:27.665 [main] INFO  polyu_af.MyList1 - index:0
15:51:27.665 [main] INFO  polyu_af.MyList1 - storagePublic:null
15:51:27.665 [main] INFO  polyu_af.MyList1 - storagePrivate:null
15:51:27.665 [main] INFO  polyu_af.MyList1 - i:3
15:51:27.665 [main] INFO  polyu_af.MyList1 - g:
15:51:27.665 [main] INFO  polyu_af.MyList1 - a_size:4
15:51:27.665 [main] INFO  polyu_af.MyList1 - ---------
15:51:27.665 [main] INFO  polyu_af.MyList1 - index:0
15:51:27.665 [main] INFO  polyu_af.MyList1 - storagePublic:null
15:51:27.665 [main] INFO  polyu_af.MyList1 - storagePrivate:null
15:51:27.665 [main] INFO  polyu_af.MyList1 - index:0
15:51:27.666 [main] INFO  polyu_af.MyList1 - storagePublic:null
15:51:27.666 [main] INFO  polyu_af.MyList1 - storagePrivate:null
15:51:27.666 [main] INFO  polyu_af.MyList1 - g:
15:51:27.666 [main] INFO  polyu_af.MyList1 - a_size:4
15:51:27.666 [main] INFO  polyu_af.MyList1 - ---------
15:51:27.666 [main] INFO  polyu_af.MyList1 - index:0
15:51:27.666 [main] INFO  polyu_af.MyList1 - storagePublic:null
15:51:27.666 [main] INFO  polyu_af.MyList1 - storagePrivate:null
15:51:27.666 [main] INFO  polyu_af.MyList1 - index:0
15:51:27.666 [main] INFO  polyu_af.MyList1 - storagePublic:null
15:51:27.666 [main] INFO  polyu_af.MyList1 - storagePrivate:null
15:51:27.666 [main] INFO  polyu_af.MyList1 - result:[]
15:51:27.666 [main] INFO  polyu_af.MyList1 - counter:0
15:51:27.666 [main] INFO  polyu_af.MyList1 - to_be_copied:0
15:51:27.666 [main] INFO  polyu_af.MyList1 - idx: not initialized.
15:51:27.666 [main] INFO  polyu_af.MyList1 - n:3
15:51:27.667 [main] INFO  polyu_af.MyList1 - ---------
15:51:27.667 [main] INFO  polyu_af.MyList1 - index:0
15:51:27.667 [main] INFO  polyu_af.MyList1 - storagePublic:null
15:51:27.667 [main] INFO  polyu_af.MyList1 - storagePrivate:null
15:51:27.667 [main] INFO  polyu_af.MyList1 - index:0
15:51:27.667 [main] INFO  polyu_af.MyList1 - storagePublic:null
15:51:27.667 [main] INFO  polyu_af.MyList1 - storagePrivate:null
15:51:27.667 [main] INFO  polyu_af.MyList1 - result:[]
15:51:27.667 [main] INFO  polyu_af.MyList1 - counter:0
15:51:27.667 [main] INFO  polyu_af.MyList1 - to_be_copied:0
15:51:27.667 [main] INFO  polyu_af.MyList1 - idx:0
15:51:27.667 [main] INFO  polyu_af.MyList1 - n:3
15:51:27.667 [main] INFO  polyu_af.MyList1 - ---------
15:51:27.667 [main] INFO  polyu_af.MyList1 - index:0
15:51:27.667 [main] INFO  polyu_af.MyList1 - storagePublic:null
15:51:27.667 [main] INFO  polyu_af.MyList1 - storagePrivate:null
15:51:27.667 [main] INFO  polyu_af.MyList1 - index:0
15:51:27.667 [main] INFO  polyu_af.MyList1 - storagePublic:null
15:51:27.667 [main] INFO  polyu_af.MyList1 - storagePrivate:null
15:51:27.667 [main] INFO  polyu_af.MyList1 - ---------
15:51:27.667 [main] INFO  polyu_af.MyList1 - index:0
15:51:27.668 [main] INFO  polyu_af.MyList1 - storagePublic:null
15:51:27.668 [main] INFO  polyu_af.MyList1 - storagePrivate:null
15:51:27.668 [main] INFO  polyu_af.MyList1 - index:0
15:51:27.668 [main] INFO  polyu_af.MyList1 - storagePublic:null
15:51:27.668 [main] INFO  polyu_af.MyList1 - storagePrivate:null
15:51:27.668 [main] INFO  polyu_af.MyList1 - result:[]
15:51:27.668 [main] INFO  polyu_af.MyList1 - counter:0
15:51:27.668 [main] INFO  polyu_af.MyList1 - to_be_copied:3
15:51:27.668 [main] INFO  polyu_af.MyList1 - idx:0
15:51:27.668 [main] INFO  polyu_af.MyList1 - n:3
15:51:27.668 [main] INFO  polyu_af.MyList1 - ---------
15:51:27.668 [main] INFO  polyu_af.MyList1 - index:0
15:51:27.668 [main] INFO  polyu_af.MyList1 - storagePublic:null
15:51:27.668 [main] INFO  polyu_af.MyList1 - storagePrivate:null
15:51:27.668 [main] INFO  polyu_af.MyList1 - index:0
15:51:27.668 [main] INFO  polyu_af.MyList1 - storagePublic:null
15:51:27.668 [main] INFO  polyu_af.MyList1 - storagePrivate:null
15:51:27.668 [main] INFO  polyu_af.MyList1 - result:[]
15:51:27.668 [main] INFO  polyu_af.MyList1 - counter:0
15:51:27.669 [main] INFO  polyu_af.MyList1 - to_be_copied:3
15:51:27.669 [main] INFO  polyu_af.MyList1 - idx:0
15:51:27.669 [main] INFO  polyu_af.MyList1 - n:3
15:51:27.669 [main] INFO  polyu_af.MyList1 - ---------
15:51:27.669 [main] INFO  polyu_af.MyList1 - index:0
15:51:27.669 [main] INFO  polyu_af.MyList1 - storagePublic:null
15:51:27.669 [main] INFO  polyu_af.MyList1 - storagePrivate:null
15:51:27.669 [main] INFO  polyu_af.MyList1 - index:0
15:51:27.669 [main] INFO  polyu_af.MyList1 - storagePublic:null
15:51:27.669 [main] INFO  polyu_af.MyList1 - storagePrivate:null
15:51:27.669 [main] INFO  polyu_af.MyList1 - a_item:
15:51:27.669 [main] INFO  polyu_af.MyList1 - result:[]
15:51:27.670 [main] INFO  polyu_af.MyList1 - ---------
15:51:27.671 [main] INFO  polyu_af.MyList1 - index:0
15:51:27.671 [main] INFO  polyu_af.MyList1 - storagePublic:null
15:51:27.671 [main] INFO  polyu_af.MyList1 - storagePrivate:null
15:51:27.671 [main] INFO  polyu_af.MyList1 - index:0
15:51:27.671 [main] INFO  polyu_af.MyList1 - storagePublic:null
15:51:27.671 [main] INFO  polyu_af.MyList1 - storagePrivate:null
15:51:27.671 [main] INFO  polyu_af.MyList1 - result:[]
15:51:27.671 [main] INFO  polyu_af.MyList1 - counter:0
15:51:27.671 [main] INFO  polyu_af.MyList1 - to_be_copied:3
15:51:27.671 [main] INFO  polyu_af.MyList1 - idx:0
15:51:27.671 [main] INFO  polyu_af.MyList1 - n:3
15:51:27.671 [main] INFO  polyu_af.MyList1 - ---------
15:51:27.671 [main] INFO  polyu_af.MyList1 - index:0
15:51:27.671 [main] INFO  polyu_af.MyList1 - storagePublic:null
15:51:27.671 [main] INFO  polyu_af.MyList1 - storagePrivate:null
15:51:27.671 [main] INFO  polyu_af.MyList1 - index:0
15:51:27.671 [main] INFO  polyu_af.MyList1 - storagePublic:null
15:51:27.671 [main] INFO  polyu_af.MyList1 - storagePrivate:null
15:51:27.671 [main] INFO  polyu_af.MyList1 - ---------
15:51:27.671 [main] INFO  polyu_af.MyList1 - index:0
15:51:27.671 [main] INFO  polyu_af.MyList1 - storagePublic:null
15:51:27.672 [main] INFO  polyu_af.MyList1 - storagePrivate:null
15:51:27.672 [main] INFO  polyu_af.MyList1 - index:0
15:51:27.672 [main] INFO  polyu_af.MyList1 - storagePublic:null
15:51:27.672 [main] INFO  polyu_af.MyList1 - storagePrivate:null
15:51:27.672 [main] INFO  polyu_af.MyList1 - ---------
15:51:27.672 [main] INFO  polyu_af.MyList1 - index:1
15:51:27.672 [main] INFO  polyu_af.MyList1 - storagePublic:null
15:51:27.672 [main] INFO  polyu_af.MyList1 - storagePrivate:null
15:51:27.672 [main] INFO  polyu_af.MyList1 - index:1
15:51:27.672 [main] INFO  polyu_af.MyList1 - storagePublic:null
15:51:27.672 [main] INFO  polyu_af.MyList1 - storagePrivate:null
15:51:27.672 [main] INFO  polyu_af.MyList1 - result:[]
15:51:27.672 [main] INFO  polyu_af.MyList1 - counter:0
15:51:27.672 [main] INFO  polyu_af.MyList1 - to_be_copied:3
15:51:27.672 [main] INFO  polyu_af.MyList1 - idx:0
15:51:27.672 [main] INFO  polyu_af.MyList1 - n:3
15:51:27.672 [main] INFO  polyu_af.MyList1 - ---------
15:51:27.672 [main] INFO  polyu_af.MyList1 - index:1
15:51:27.673 [main] INFO  polyu_af.MyList1 - storagePublic:null
15:51:27.673 [main] INFO  polyu_af.MyList1 - storagePrivate:null
15:51:27.673 [main] INFO  polyu_af.MyList1 - index:1
15:51:27.673 [main] INFO  polyu_af.MyList1 - storagePublic:null
15:51:27.673 [main] INFO  polyu_af.MyList1 - storagePrivate:null
15:51:27.673 [main] INFO  polyu_af.MyList1 - result:[]
15:51:27.673 [main] INFO  polyu_af.MyList1 - counter:1
15:51:27.673 [main] INFO  polyu_af.MyList1 - to_be_copied:3
15:51:27.673 [main] INFO  polyu_af.MyList1 - idx:0
15:51:27.673 [main] INFO  polyu_af.MyList1 - n:3
15:51:27.673 [main] INFO  polyu_af.MyList1 - ---------
15:51:27.673 [main] INFO  polyu_af.MyList1 - index:1
15:51:27.673 [main] INFO  polyu_af.MyList1 - storagePublic:null
15:51:27.673 [main] INFO  polyu_af.MyList1 - storagePrivate:null
15:51:27.673 [main] INFO  polyu_af.MyList1 - index:1
15:51:27.673 [main] INFO  polyu_af.MyList1 - storagePublic:null
15:51:27.673 [main] INFO  polyu_af.MyList1 - storagePrivate:null
15:51:27.673 [main] INFO  polyu_af.MyList1 - result:[]
15:51:27.673 [main] INFO  polyu_af.MyList1 - counter:1
15:51:27.673 [main] INFO  polyu_af.MyList1 - to_be_copied:3
15:51:27.674 [main] INFO  polyu_af.MyList1 - idx:0
15:51:27.674 [main] INFO  polyu_af.MyList1 - n:3
15:51:27.674 [main] INFO  polyu_af.MyList1 - ---------
15:51:27.674 [main] INFO  polyu_af.MyList1 - index:1
15:51:27.674 [main] INFO  polyu_af.MyList1 - storagePublic:null
15:51:27.674 [main] INFO  polyu_af.MyList1 - storagePrivate:null
15:51:27.674 [main] INFO  polyu_af.MyList1 - index:1
15:51:27.674 [main] INFO  polyu_af.MyList1 - storagePublic:null
15:51:27.674 [main] INFO  polyu_af.MyList1 - storagePrivate:null
15:51:27.674 [main] INFO  polyu_af.MyList1 - a_item:
15:51:27.674 [main] INFO  polyu_af.MyList1 - result:[]
15:51:27.674 [main] INFO  polyu_af.MyList1 - ---------
15:51:27.674 [main] INFO  polyu_af.MyList1 - index:1
15:51:27.674 [main] INFO  polyu_af.MyList1 - storagePublic:null
15:51:27.674 [main] INFO  polyu_af.MyList1 - storagePrivate:null
15:51:27.674 [main] INFO  polyu_af.MyList1 - index:1
15:51:27.674 [main] INFO  polyu_af.MyList1 - storagePublic:null
15:51:27.674 [main] INFO  polyu_af.MyList1 - storagePrivate:null
15:51:27.674 [main] INFO  polyu_af.MyList1 - result:[, ]
15:51:27.674 [main] INFO  polyu_af.MyList1 - counter:1
15:51:27.675 [main] INFO  polyu_af.MyList1 - to_be_copied:3
15:51:27.675 [main] INFO  polyu_af.MyList1 - idx:0
15:51:27.675 [main] INFO  polyu_af.MyList1 - n:3
15:51:27.675 [main] INFO  polyu_af.MyList1 - ---------
15:51:27.675 [main] INFO  polyu_af.MyList1 - index:1
15:51:27.675 [main] INFO  polyu_af.MyList1 - storagePublic:null
15:51:27.675 [main] INFO  polyu_af.MyList1 - storagePrivate:null
15:51:27.675 [main] INFO  polyu_af.MyList1 - index:1
15:51:27.675 [main] INFO  polyu_af.MyList1 - storagePublic:null
15:51:27.675 [main] INFO  polyu_af.MyList1 - storagePrivate:null
15:51:27.675 [main] INFO  polyu_af.MyList1 - ---------
15:51:27.675 [main] INFO  polyu_af.MyList1 - index:1
15:51:27.675 [main] INFO  polyu_af.MyList1 - storagePublic:null
15:51:27.675 [main] INFO  polyu_af.MyList1 - storagePrivate:null
15:51:27.675 [main] INFO  polyu_af.MyList1 - index:1
15:51:27.675 [main] INFO  polyu_af.MyList1 - storagePublic:null
15:51:27.675 [main] INFO  polyu_af.MyList1 - storagePrivate:null
15:51:27.675 [main] INFO  polyu_af.MyList1 - ---------
15:51:27.675 [main] INFO  polyu_af.MyList1 - index:2
15:51:27.675 [main] INFO  polyu_af.MyList1 - storagePublic:null
15:51:27.676 [main] INFO  polyu_af.MyList1 - storagePrivate:null
15:51:27.676 [main] INFO  polyu_af.MyList1 - index:2
15:51:27.676 [main] INFO  polyu_af.MyList1 - storagePublic:null
15:51:27.676 [main] INFO  polyu_af.MyList1 - storagePrivate:null
15:51:27.676 [main] INFO  polyu_af.MyList1 - result:[, ]
15:51:27.676 [main] INFO  polyu_af.MyList1 - counter:1
15:51:27.676 [main] INFO  polyu_af.MyList1 - to_be_copied:3
15:51:27.676 [main] INFO  polyu_af.MyList1 - idx:0
15:51:27.676 [main] INFO  polyu_af.MyList1 - n:3
15:51:27.676 [main] INFO  polyu_af.MyList1 - ---------
15:51:27.676 [main] INFO  polyu_af.MyList1 - index:2
15:51:27.676 [main] INFO  polyu_af.MyList1 - storagePublic:null
15:51:27.676 [main] INFO  polyu_af.MyList1 - storagePrivate:null
15:51:27.676 [main] INFO  polyu_af.MyList1 - index:2
15:51:27.676 [main] INFO  polyu_af.MyList1 - storagePublic:null
15:51:27.676 [main] INFO  polyu_af.MyList1 - storagePrivate:null
15:51:27.676 [main] INFO  polyu_af.MyList1 - result:[, ]
15:51:27.676 [main] INFO  polyu_af.MyList1 - counter:2
15:51:27.676 [main] INFO  polyu_af.MyList1 - to_be_copied:3
15:51:27.676 [main] INFO  polyu_af.MyList1 - idx:0
15:51:27.676 [main] INFO  polyu_af.MyList1 - n:3
15:51:27.676 [main] INFO  polyu_af.MyList1 - ---------
15:51:27.676 [main] INFO  polyu_af.MyList1 - index:2
15:51:27.676 [main] INFO  polyu_af.MyList1 - storagePublic:null
15:51:27.676 [main] INFO  polyu_af.MyList1 - storagePrivate:null
15:51:27.676 [main] INFO  polyu_af.MyList1 - index:2
15:51:27.677 [main] INFO  polyu_af.MyList1 - storagePublic:null
15:51:27.677 [main] INFO  polyu_af.MyList1 - storagePrivate:null
15:51:27.677 [main] INFO  polyu_af.MyList1 - result:[, ]
15:51:27.677 [main] INFO  polyu_af.MyList1 - counter:2
15:51:27.679 [main] INFO  polyu_af.MyList1 - to_be_copied:3
15:51:27.679 [main] INFO  polyu_af.MyList1 - idx:0
15:51:27.679 [main] INFO  polyu_af.MyList1 - n:3
15:51:27.680 [main] INFO  polyu_af.MyList1 - ---------
15:51:27.680 [main] INFO  polyu_af.MyList1 - index:2
15:51:27.680 [main] INFO  polyu_af.MyList1 - storagePublic:null
15:51:27.680 [main] INFO  polyu_af.MyList1 - storagePrivate:null
15:51:27.680 [main] INFO  polyu_af.MyList1 - index:2
15:51:27.680 [main] INFO  polyu_af.MyList1 - storagePublic:null
15:51:27.680 [main] INFO  polyu_af.MyList1 - storagePrivate:null
15:51:27.680 [main] INFO  polyu_af.MyList1 - a_item:
15:51:27.680 [main] INFO  polyu_af.MyList1 - result:[, ]
15:51:27.680 [main] INFO  polyu_af.MyList1 - ---------
15:51:27.680 [main] INFO  polyu_af.MyList1 - index:2
15:51:27.680 [main] INFO  polyu_af.MyList1 - storagePublic:null
15:51:27.680 [main] INFO  polyu_af.MyList1 - storagePrivate:null
15:51:27.680 [main] INFO  polyu_af.MyList1 - index:2
15:51:27.680 [main] INFO  polyu_af.MyList1 - storagePublic:null
15:51:27.680 [main] INFO  polyu_af.MyList1 - storagePrivate:null
15:51:27.680 [main] INFO  polyu_af.MyList1 - result:[, , ]
15:51:27.680 [main] INFO  polyu_af.MyList1 - counter:2
15:51:27.680 [main] INFO  polyu_af.MyList1 - to_be_copied:3
15:51:27.680 [main] INFO  polyu_af.MyList1 - idx:0
15:51:27.680 [main] INFO  polyu_af.MyList1 - n:3
15:51:27.680 [main] INFO  polyu_af.MyList1 - ---------
15:51:27.680 [main] INFO  polyu_af.MyList1 - index:2
15:51:27.680 [main] INFO  polyu_af.MyList1 - storagePublic:null
15:51:27.680 [main] INFO  polyu_af.MyList1 - storagePrivate:null
15:51:27.680 [main] INFO  polyu_af.MyList1 - index:2
15:51:27.680 [main] INFO  polyu_af.MyList1 - storagePublic:null
15:51:27.680 [main] INFO  polyu_af.MyList1 - storagePrivate:null
15:51:27.680 [main] INFO  polyu_af.MyList1 - ---------
15:51:27.680 [main] INFO  polyu_af.MyList1 - index:2
15:51:27.680 [main] INFO  polyu_af.MyList1 - storagePublic:null
15:51:27.681 [main] INFO  polyu_af.MyList1 - storagePrivate:null
15:51:27.681 [main] INFO  polyu_af.MyList1 - index:2
15:51:27.681 [main] INFO  polyu_af.MyList1 - storagePublic:null
15:51:27.681 [main] INFO  polyu_af.MyList1 - storagePrivate:null
15:51:27.681 [main] INFO  polyu_af.MyList1 - ---------
15:51:27.681 [main] INFO  polyu_af.MyList1 - index:3
15:51:27.681 [main] INFO  polyu_af.MyList1 - storagePublic:null
15:51:27.681 [main] INFO  polyu_af.MyList1 - storagePrivate:null
15:51:27.681 [main] INFO  polyu_af.MyList1 - index:3
15:51:27.681 [main] INFO  polyu_af.MyList1 - storagePublic:null
15:51:27.681 [main] INFO  polyu_af.MyList1 - storagePrivate:null
15:51:27.681 [main] INFO  polyu_af.MyList1 - result:[, , ]
15:51:27.681 [main] INFO  polyu_af.MyList1 - counter:2
15:51:27.681 [main] INFO  polyu_af.MyList1 - to_be_copied:3
15:51:27.681 [main] INFO  polyu_af.MyList1 - idx:0
15:51:27.681 [main] INFO  polyu_af.MyList1 - n:3
15:51:27.681 [main] INFO  polyu_af.MyList1 - ---------
15:51:27.681 [main] INFO  polyu_af.MyList1 - index:3
15:51:27.681 [main] INFO  polyu_af.MyList1 - storagePublic:null
15:51:27.681 [main] INFO  polyu_af.MyList1 - storagePrivate:null
15:51:27.681 [main] INFO  polyu_af.MyList1 - index:3
15:51:27.681 [main] INFO  polyu_af.MyList1 - storagePublic:null
15:51:27.681 [main] INFO  polyu_af.MyList1 - storagePrivate:null
15:51:27.681 [main] INFO  polyu_af.MyList1 - result:[, , ]
15:51:27.681 [main] INFO  polyu_af.MyList1 - counter:3
15:51:27.681 [main] INFO  polyu_af.MyList1 - to_be_copied:3
15:51:27.681 [main] INFO  polyu_af.MyList1 - idx:0
15:51:27.681 [main] INFO  polyu_af.MyList1 - n:3
15:51:27.681 [main] INFO  polyu_af.MyList1 - ---------
15:52:45.799 [main] INFO  polyu_af.MyList1 - index:0
15:52:45.802 [main] INFO  polyu_af.MyList1 - storagePublic:null
15:52:45.802 [main] INFO  polyu_af.MyList1 - storagePrivate:null
15:52:45.802 [main] INFO  polyu_af.MyList1 - index:0
15:52:45.803 [main] INFO  polyu_af.MyList1 - storagePublic:null
15:52:45.803 [main] INFO  polyu_af.MyList1 - storagePrivate:null
15:52:45.803 [main] INFO  polyu_af.MyList1 - a_size:4
15:52:45.803 [main] INFO  polyu_af.MyList1 - ---------
15:52:45.803 [main] INFO  polyu_af.MyList1 - index:0
15:52:45.803 [main] INFO  polyu_af.MyList1 - storagePublic:null
15:52:45.803 [main] INFO  polyu_af.MyList1 - storagePrivate:null
15:52:45.803 [main] INFO  polyu_af.MyList1 - index:0
15:52:45.803 [main] INFO  polyu_af.MyList1 - storagePublic:null
15:52:45.803 [main] INFO  polyu_af.MyList1 - storagePrivate:null
15:52:45.803 [main] INFO  polyu_af.MyList1 - a_size:4
15:52:45.803 [main] INFO  polyu_af.MyList1 - ---------
15:52:45.804 [main] INFO  polyu_af.MyList1 - index:0
15:52:45.804 [main] INFO  polyu_af.MyList1 - storagePublic:null
15:52:45.804 [main] INFO  polyu_af.MyList1 - storagePrivate:null
15:52:45.804 [main] INFO  polyu_af.MyList1 - index:0
15:52:45.804 [main] INFO  polyu_af.MyList1 - storagePublic:null
15:52:45.804 [main] INFO  polyu_af.MyList1 - storagePrivate:null
15:52:45.804 [main] INFO  polyu_af.MyList1 - i:0
15:52:45.804 [main] INFO  polyu_af.MyList1 - g:
15:52:45.804 [main] INFO  polyu_af.MyList1 - a_size:4
15:52:45.804 [main] INFO  polyu_af.MyList1 - ---------
15:52:45.804 [main] INFO  polyu_af.MyList1 - index:0
15:52:45.804 [main] INFO  polyu_af.MyList1 - storagePublic:null
15:52:45.804 [main] INFO  polyu_af.MyList1 - storagePrivate:null
15:52:45.804 [main] INFO  polyu_af.MyList1 - index:0
15:52:45.804 [main] INFO  polyu_af.MyList1 - storagePublic:null
15:52:45.805 [main] INFO  polyu_af.MyList1 - storagePrivate:null
15:52:45.805 [main] INFO  polyu_af.MyList1 - i:1
15:52:45.805 [main] INFO  polyu_af.MyList1 - g:
15:52:45.806 [main] INFO  polyu_af.MyList1 - a_size:4
15:52:45.806 [main] INFO  polyu_af.MyList1 - ---------
15:52:45.806 [main] INFO  polyu_af.MyList1 - index:0
15:52:45.806 [main] INFO  polyu_af.MyList1 - storagePublic:null
15:52:45.806 [main] INFO  polyu_af.MyList1 - storagePrivate:null
15:52:45.806 [main] INFO  polyu_af.MyList1 - index:0
15:52:45.806 [main] INFO  polyu_af.MyList1 - storagePublic:null
15:52:45.806 [main] INFO  polyu_af.MyList1 - storagePrivate:null
15:52:45.806 [main] INFO  polyu_af.MyList1 - i:2
15:52:45.806 [main] INFO  polyu_af.MyList1 - g:
15:52:45.806 [main] INFO  polyu_af.MyList1 - a_size:4
15:52:45.806 [main] INFO  polyu_af.MyList1 - ---------
15:52:45.806 [main] INFO  polyu_af.MyList1 - index:0
15:52:45.806 [main] INFO  polyu_af.MyList1 - storagePublic:null
15:52:45.806 [main] INFO  polyu_af.MyList1 - storagePrivate:null
15:52:45.806 [main] INFO  polyu_af.MyList1 - index:0
15:52:45.806 [main] INFO  polyu_af.MyList1 - storagePublic:null
15:52:45.807 [main] INFO  polyu_af.MyList1 - storagePrivate:null
15:52:45.807 [main] INFO  polyu_af.MyList1 - i:3
15:52:45.807 [main] INFO  polyu_af.MyList1 - g:
15:52:45.807 [main] INFO  polyu_af.MyList1 - a_size:4
15:52:45.807 [main] INFO  polyu_af.MyList1 - ---------
15:52:45.807 [main] INFO  polyu_af.MyList1 - index:0
15:52:45.807 [main] INFO  polyu_af.MyList1 - storagePublic:null
15:52:45.807 [main] INFO  polyu_af.MyList1 - storagePrivate:null
15:52:45.807 [main] INFO  polyu_af.MyList1 - index:0
15:52:45.807 [main] INFO  polyu_af.MyList1 - storagePublic:null
15:52:45.807 [main] INFO  polyu_af.MyList1 - storagePrivate:null
15:52:45.807 [main] INFO  polyu_af.MyList1 - g:
15:52:45.807 [main] INFO  polyu_af.MyList1 - a_size:4
15:52:45.807 [main] INFO  polyu_af.MyList1 - ---------
15:52:45.807 [main] INFO  polyu_af.MyList1 - index:0
15:52:45.807 [main] INFO  polyu_af.MyList1 - storagePublic:null
15:52:45.807 [main] INFO  polyu_af.MyList1 - storagePrivate:null
15:52:45.807 [main] INFO  polyu_af.MyList1 - index:0
15:52:45.808 [main] INFO  polyu_af.MyList1 - storagePublic:null
15:52:45.808 [main] INFO  polyu_af.MyList1 - storagePrivate:null
15:52:45.808 [main] INFO  polyu_af.MyList1 - result:[]
15:52:45.808 [main] INFO  polyu_af.MyList1 - counter:0
15:52:45.808 [main] INFO  polyu_af.MyList1 - to_be_copied:0
15:52:45.808 [main] INFO  polyu_af.MyList1 - idx: not initialized.
15:52:45.808 [main] INFO  polyu_af.MyList1 - n:3
15:52:45.808 [main] INFO  polyu_af.MyList1 - ---------
15:52:45.808 [main] INFO  polyu_af.MyList1 - index:0
15:52:45.808 [main] INFO  polyu_af.MyList1 - storagePublic:null
15:52:45.808 [main] INFO  polyu_af.MyList1 - storagePrivate:null
15:52:45.808 [main] INFO  polyu_af.MyList1 - index:0
15:52:45.808 [main] INFO  polyu_af.MyList1 - storagePublic:null
15:52:45.808 [main] INFO  polyu_af.MyList1 - storagePrivate:null
15:52:45.808 [main] INFO  polyu_af.MyList1 - result:[]
15:52:45.808 [main] INFO  polyu_af.MyList1 - counter:0
15:52:45.808 [main] INFO  polyu_af.MyList1 - to_be_copied:0
15:52:45.808 [main] INFO  polyu_af.MyList1 - idx:0
15:52:45.808 [main] INFO  polyu_af.MyList1 - n:3
15:52:45.808 [main] INFO  polyu_af.MyList1 - ---------
15:52:45.809 [main] INFO  polyu_af.MyList1 - index:0
15:52:45.809 [main] INFO  polyu_af.MyList1 - storagePublic:null
15:52:45.809 [main] INFO  polyu_af.MyList1 - storagePrivate:null
15:52:45.809 [main] INFO  polyu_af.MyList1 - index:0
15:52:45.809 [main] INFO  polyu_af.MyList1 - storagePublic:null
15:52:45.809 [main] INFO  polyu_af.MyList1 - storagePrivate:null
15:52:45.809 [main] INFO  polyu_af.MyList1 - ---------
15:52:45.809 [main] INFO  polyu_af.MyList1 - index:0
15:52:45.809 [main] INFO  polyu_af.MyList1 - storagePublic:null
15:52:45.809 [main] INFO  polyu_af.MyList1 - storagePrivate:null
15:52:45.809 [main] INFO  polyu_af.MyList1 - index:0
15:52:45.809 [main] INFO  polyu_af.MyList1 - storagePublic:null
15:52:45.809 [main] INFO  polyu_af.MyList1 - storagePrivate:null
15:52:45.809 [main] INFO  polyu_af.MyList1 - result:[]
15:52:45.809 [main] INFO  polyu_af.MyList1 - counter:0
15:52:45.809 [main] INFO  polyu_af.MyList1 - to_be_copied:3
15:52:45.809 [main] INFO  polyu_af.MyList1 - idx:0
15:52:45.809 [main] INFO  polyu_af.MyList1 - n:3
15:52:45.809 [main] INFO  polyu_af.MyList1 - ---------
15:52:45.810 [main] INFO  polyu_af.MyList1 - index:0
15:52:45.810 [main] INFO  polyu_af.MyList1 - storagePublic:null
15:52:45.810 [main] INFO  polyu_af.MyList1 - storagePrivate:null
15:52:45.810 [main] INFO  polyu_af.MyList1 - index:0
15:52:45.810 [main] INFO  polyu_af.MyList1 - storagePublic:null
15:52:45.810 [main] INFO  polyu_af.MyList1 - storagePrivate:null
15:52:45.810 [main] INFO  polyu_af.MyList1 - result:[]
15:52:45.810 [main] INFO  polyu_af.MyList1 - counter:0
15:52:45.810 [main] INFO  polyu_af.MyList1 - to_be_copied:3
15:52:45.810 [main] INFO  polyu_af.MyList1 - idx:0
15:52:45.810 [main] INFO  polyu_af.MyList1 - n:3
15:52:45.810 [main] INFO  polyu_af.MyList1 - ---------
15:52:45.810 [main] INFO  polyu_af.MyList1 - index:0
15:52:45.810 [main] INFO  polyu_af.MyList1 - storagePublic:null
15:52:45.810 [main] INFO  polyu_af.MyList1 - storagePrivate:null
15:52:45.810 [main] INFO  polyu_af.MyList1 - index:0
15:52:45.810 [main] INFO  polyu_af.MyList1 - storagePublic:null
15:52:45.810 [main] INFO  polyu_af.MyList1 - storagePrivate:null
15:52:45.810 [main] INFO  polyu_af.MyList1 - a_item:
15:52:45.811 [main] INFO  polyu_af.MyList1 - result:[]
15:52:45.811 [main] INFO  polyu_af.MyList1 - ---------
15:52:45.811 [main] INFO  polyu_af.MyList1 - index:0
15:52:45.811 [main] INFO  polyu_af.MyList1 - storagePublic:null
15:52:45.811 [main] INFO  polyu_af.MyList1 - storagePrivate:null
15:52:45.811 [main] INFO  polyu_af.MyList1 - index:0
15:52:45.811 [main] INFO  polyu_af.MyList1 - storagePublic:null
15:52:45.811 [main] INFO  polyu_af.MyList1 - storagePrivate:null
15:52:45.811 [main] INFO  polyu_af.MyList1 - result:[]
15:52:45.811 [main] INFO  polyu_af.MyList1 - counter:0
15:52:45.811 [main] INFO  polyu_af.MyList1 - to_be_copied:3
15:52:45.811 [main] INFO  polyu_af.MyList1 - idx:0
15:52:45.811 [main] INFO  polyu_af.MyList1 - n:3
15:52:45.811 [main] INFO  polyu_af.MyList1 - ---------
15:52:45.811 [main] INFO  polyu_af.MyList1 - index:0
15:52:45.811 [main] INFO  polyu_af.MyList1 - storagePublic:null
15:52:45.811 [main] INFO  polyu_af.MyList1 - storagePrivate:null
15:52:45.811 [main] INFO  polyu_af.MyList1 - index:0
15:52:45.811 [main] INFO  polyu_af.MyList1 - storagePublic:null
15:52:45.811 [main] INFO  polyu_af.MyList1 - storagePrivate:null
15:52:45.811 [main] INFO  polyu_af.MyList1 - ---------
15:52:45.811 [main] INFO  polyu_af.MyList1 - index:0
15:52:45.811 [main] INFO  polyu_af.MyList1 - storagePublic:null
15:52:45.811 [main] INFO  polyu_af.MyList1 - storagePrivate:null
15:52:45.811 [main] INFO  polyu_af.MyList1 - index:0
15:52:45.811 [main] INFO  polyu_af.MyList1 - storagePublic:null
15:52:45.811 [main] INFO  polyu_af.MyList1 - storagePrivate:null
15:52:45.811 [main] INFO  polyu_af.MyList1 - ---------
15:52:45.811 [main] INFO  polyu_af.MyList1 - index:1
15:52:45.811 [main] INFO  polyu_af.MyList1 - storagePublic:null
15:52:45.811 [main] INFO  polyu_af.MyList1 - storagePrivate:null
15:52:45.811 [main] INFO  polyu_af.MyList1 - index:1
15:52:45.811 [main] INFO  polyu_af.MyList1 - storagePublic:null
15:52:45.811 [main] INFO  polyu_af.MyList1 - storagePrivate:null
15:52:45.811 [main] INFO  polyu_af.MyList1 - result:[]
15:52:45.812 [main] INFO  polyu_af.MyList1 - counter:0
15:52:45.812 [main] INFO  polyu_af.MyList1 - to_be_copied:3
15:52:45.812 [main] INFO  polyu_af.MyList1 - idx:0
15:52:45.812 [main] INFO  polyu_af.MyList1 - n:3
15:52:45.812 [main] INFO  polyu_af.MyList1 - ---------
15:52:45.812 [main] INFO  polyu_af.MyList1 - index:1
15:52:45.812 [main] INFO  polyu_af.MyList1 - storagePublic:null
15:52:45.812 [main] INFO  polyu_af.MyList1 - storagePrivate:null
15:52:45.812 [main] INFO  polyu_af.MyList1 - index:1
15:52:45.812 [main] INFO  polyu_af.MyList1 - storagePublic:null
15:52:45.812 [main] INFO  polyu_af.MyList1 - storagePrivate:null
15:52:45.812 [main] INFO  polyu_af.MyList1 - result:[]
15:52:45.812 [main] INFO  polyu_af.MyList1 - counter:1
15:52:45.812 [main] INFO  polyu_af.MyList1 - to_be_copied:3
15:52:45.812 [main] INFO  polyu_af.MyList1 - idx:0
15:52:45.812 [main] INFO  polyu_af.MyList1 - n:3
15:52:45.812 [main] INFO  polyu_af.MyList1 - ---------
15:52:45.812 [main] INFO  polyu_af.MyList1 - index:1
15:52:45.812 [main] INFO  polyu_af.MyList1 - storagePublic:null
15:52:45.812 [main] INFO  polyu_af.MyList1 - storagePrivate:null
15:52:45.812 [main] INFO  polyu_af.MyList1 - index:1
15:52:45.812 [main] INFO  polyu_af.MyList1 - storagePublic:null
15:52:45.812 [main] INFO  polyu_af.MyList1 - storagePrivate:null
15:52:45.812 [main] INFO  polyu_af.MyList1 - result:[]
15:52:45.812 [main] INFO  polyu_af.MyList1 - counter:1
15:52:45.812 [main] INFO  polyu_af.MyList1 - to_be_copied:3
15:52:45.812 [main] INFO  polyu_af.MyList1 - idx:0
15:52:45.813 [main] INFO  polyu_af.MyList1 - n:3
15:52:45.813 [main] INFO  polyu_af.MyList1 - ---------
15:52:45.813 [main] INFO  polyu_af.MyList1 - index:1
15:52:45.813 [main] INFO  polyu_af.MyList1 - storagePublic:null
15:52:45.813 [main] INFO  polyu_af.MyList1 - storagePrivate:null
15:52:45.813 [main] INFO  polyu_af.MyList1 - index:1
15:52:45.815 [main] INFO  polyu_af.MyList1 - storagePublic:null
15:52:45.815 [main] INFO  polyu_af.MyList1 - storagePrivate:null
15:52:45.815 [main] INFO  polyu_af.MyList1 - a_item:
15:52:45.816 [main] INFO  polyu_af.MyList1 - result:[]
15:52:45.816 [main] INFO  polyu_af.MyList1 - ---------
15:52:45.816 [main] INFO  polyu_af.MyList1 - index:1
15:52:45.816 [main] INFO  polyu_af.MyList1 - storagePublic:null
15:52:45.816 [main] INFO  polyu_af.MyList1 - storagePrivate:null
15:52:45.816 [main] INFO  polyu_af.MyList1 - index:1
15:52:45.816 [main] INFO  polyu_af.MyList1 - storagePublic:null
15:52:45.816 [main] INFO  polyu_af.MyList1 - storagePrivate:null
15:52:45.816 [main] INFO  polyu_af.MyList1 - result:[, ]
15:52:45.816 [main] INFO  polyu_af.MyList1 - counter:1
15:52:45.816 [main] INFO  polyu_af.MyList1 - to_be_copied:3
15:52:45.816 [main] INFO  polyu_af.MyList1 - idx:0
15:52:45.816 [main] INFO  polyu_af.MyList1 - n:3
15:52:45.816 [main] INFO  polyu_af.MyList1 - ---------
15:52:45.816 [main] INFO  polyu_af.MyList1 - index:1
15:52:45.816 [main] INFO  polyu_af.MyList1 - storagePublic:null
15:52:45.816 [main] INFO  polyu_af.MyList1 - storagePrivate:null
15:52:45.816 [main] INFO  polyu_af.MyList1 - index:1
15:52:45.816 [main] INFO  polyu_af.MyList1 - storagePublic:null
15:52:45.816 [main] INFO  polyu_af.MyList1 - storagePrivate:null
15:52:45.816 [main] INFO  polyu_af.MyList1 - ---------
15:52:45.816 [main] INFO  polyu_af.MyList1 - index:1
15:52:45.816 [main] INFO  polyu_af.MyList1 - storagePublic:null
15:52:45.816 [main] INFO  polyu_af.MyList1 - storagePrivate:null
15:52:45.816 [main] INFO  polyu_af.MyList1 - index:1
15:52:45.816 [main] INFO  polyu_af.MyList1 - storagePublic:null
15:52:45.816 [main] INFO  polyu_af.MyList1 - storagePrivate:null
15:52:45.817 [main] INFO  polyu_af.MyList1 - ---------
15:52:45.817 [main] INFO  polyu_af.MyList1 - index:2
15:52:45.817 [main] INFO  polyu_af.MyList1 - storagePublic:null
15:52:45.817 [main] INFO  polyu_af.MyList1 - storagePrivate:null
15:52:45.817 [main] INFO  polyu_af.MyList1 - index:2
15:52:45.817 [main] INFO  polyu_af.MyList1 - storagePublic:null
15:52:45.817 [main] INFO  polyu_af.MyList1 - storagePrivate:null
15:52:45.817 [main] INFO  polyu_af.MyList1 - result:[, ]
15:52:45.817 [main] INFO  polyu_af.MyList1 - counter:1
15:52:45.817 [main] INFO  polyu_af.MyList1 - to_be_copied:3
15:52:45.817 [main] INFO  polyu_af.MyList1 - idx:0
15:52:45.817 [main] INFO  polyu_af.MyList1 - n:3
15:52:45.817 [main] INFO  polyu_af.MyList1 - ---------
15:52:45.817 [main] INFO  polyu_af.MyList1 - index:2
15:52:45.817 [main] INFO  polyu_af.MyList1 - storagePublic:null
15:52:45.817 [main] INFO  polyu_af.MyList1 - storagePrivate:null
15:52:45.817 [main] INFO  polyu_af.MyList1 - index:2
15:52:45.817 [main] INFO  polyu_af.MyList1 - storagePublic:null
15:52:45.817 [main] INFO  polyu_af.MyList1 - storagePrivate:null
15:52:45.817 [main] INFO  polyu_af.MyList1 - result:[, ]
15:52:45.817 [main] INFO  polyu_af.MyList1 - counter:2
15:52:45.817 [main] INFO  polyu_af.MyList1 - to_be_copied:3
15:52:45.817 [main] INFO  polyu_af.MyList1 - idx:0
15:52:45.817 [main] INFO  polyu_af.MyList1 - n:3
15:52:45.817 [main] INFO  polyu_af.MyList1 - ---------
15:52:45.817 [main] INFO  polyu_af.MyList1 - index:2
15:52:45.818 [main] INFO  polyu_af.MyList1 - storagePublic:null
15:52:45.818 [main] INFO  polyu_af.MyList1 - storagePrivate:null
15:52:45.818 [main] INFO  polyu_af.MyList1 - index:2
15:52:45.818 [main] INFO  polyu_af.MyList1 - storagePublic:null
15:52:45.818 [main] INFO  polyu_af.MyList1 - storagePrivate:null
15:52:45.818 [main] INFO  polyu_af.MyList1 - result:[, ]
15:52:45.818 [main] INFO  polyu_af.MyList1 - counter:2
15:52:45.820 [main] INFO  polyu_af.MyList1 - to_be_copied:3
15:52:45.821 [main] INFO  polyu_af.MyList1 - idx:0
15:52:45.821 [main] INFO  polyu_af.MyList1 - n:3
15:52:45.821 [main] INFO  polyu_af.MyList1 - ---------
15:52:45.821 [main] INFO  polyu_af.MyList1 - index:2
15:52:45.821 [main] INFO  polyu_af.MyList1 - storagePublic:null
15:52:45.821 [main] INFO  polyu_af.MyList1 - storagePrivate:null
15:52:45.821 [main] INFO  polyu_af.MyList1 - index:2
15:52:45.821 [main] INFO  polyu_af.MyList1 - storagePublic:null
15:52:45.821 [main] INFO  polyu_af.MyList1 - storagePrivate:null
15:52:45.821 [main] INFO  polyu_af.MyList1 - a_item:
15:52:45.821 [main] INFO  polyu_af.MyList1 - result:[, ]
15:52:45.821 [main] INFO  polyu_af.MyList1 - ---------
15:52:45.821 [main] INFO  polyu_af.MyList1 - index:2
15:52:45.821 [main] INFO  polyu_af.MyList1 - storagePublic:null
15:52:45.821 [main] INFO  polyu_af.MyList1 - storagePrivate:null
15:52:45.821 [main] INFO  polyu_af.MyList1 - index:2
15:52:45.821 [main] INFO  polyu_af.MyList1 - storagePublic:null
15:52:45.821 [main] INFO  polyu_af.MyList1 - storagePrivate:null
15:52:45.821 [main] INFO  polyu_af.MyList1 - result:[, , ]
15:52:45.821 [main] INFO  polyu_af.MyList1 - counter:2
15:52:45.821 [main] INFO  polyu_af.MyList1 - to_be_copied:3
15:52:45.821 [main] INFO  polyu_af.MyList1 - idx:0
15:52:45.821 [main] INFO  polyu_af.MyList1 - n:3
15:52:45.821 [main] INFO  polyu_af.MyList1 - ---------
15:52:45.821 [main] INFO  polyu_af.MyList1 - index:2
15:52:45.821 [main] INFO  polyu_af.MyList1 - storagePublic:null
15:52:45.821 [main] INFO  polyu_af.MyList1 - storagePrivate:null
15:52:45.821 [main] INFO  polyu_af.MyList1 - index:2
15:52:45.821 [main] INFO  polyu_af.MyList1 - storagePublic:null
15:52:45.821 [main] INFO  polyu_af.MyList1 - storagePrivate:null
15:52:45.822 [main] INFO  polyu_af.MyList1 - ---------
15:52:45.822 [main] INFO  polyu_af.MyList1 - index:2
15:52:45.822 [main] INFO  polyu_af.MyList1 - storagePublic:null
15:52:45.822 [main] INFO  polyu_af.MyList1 - storagePrivate:null
15:52:45.822 [main] INFO  polyu_af.MyList1 - index:2
15:52:45.822 [main] INFO  polyu_af.MyList1 - storagePublic:null
15:52:45.822 [main] INFO  polyu_af.MyList1 - storagePrivate:null
15:52:45.822 [main] INFO  polyu_af.MyList1 - ---------
15:52:45.822 [main] INFO  polyu_af.MyList1 - index:3
15:52:45.822 [main] INFO  polyu_af.MyList1 - storagePublic:null
15:52:45.822 [main] INFO  polyu_af.MyList1 - storagePrivate:null
15:52:45.822 [main] INFO  polyu_af.MyList1 - index:3
15:52:45.822 [main] INFO  polyu_af.MyList1 - storagePublic:null
15:52:45.822 [main] INFO  polyu_af.MyList1 - storagePrivate:null
15:52:45.822 [main] INFO  polyu_af.MyList1 - result:[, , ]
15:52:45.822 [main] INFO  polyu_af.MyList1 - counter:2
15:52:45.822 [main] INFO  polyu_af.MyList1 - to_be_copied:3
15:52:45.822 [main] INFO  polyu_af.MyList1 - idx:0
15:52:45.822 [main] INFO  polyu_af.MyList1 - n:3
15:52:45.822 [main] INFO  polyu_af.MyList1 - ---------
15:52:45.822 [main] INFO  polyu_af.MyList1 - index:3
15:52:45.822 [main] INFO  polyu_af.MyList1 - storagePublic:null
15:52:45.822 [main] INFO  polyu_af.MyList1 - storagePrivate:null
15:52:45.822 [main] INFO  polyu_af.MyList1 - index:3
15:52:45.822 [main] INFO  polyu_af.MyList1 - storagePublic:null
15:52:45.822 [main] INFO  polyu_af.MyList1 - storagePrivate:null
15:52:45.822 [main] INFO  polyu_af.MyList1 - result:[, , ]
15:52:45.822 [main] INFO  polyu_af.MyList1 - counter:3
15:52:45.823 [main] INFO  polyu_af.MyList1 - to_be_copied:3
15:52:45.823 [main] INFO  polyu_af.MyList1 - idx:0
15:52:45.823 [main] INFO  polyu_af.MyList1 - n:3
15:52:45.823 [main] INFO  polyu_af.MyList1 - ---------
